#
# A fatal error has been detected by the Java Runtime Environment:
#
#  EXCEPTION_ACCESS_VIOLATION (0xc0000005) at pc=0x00007ff8ddbc3a84, pid=14328, tid=0x0000000000000d38
#
# JRE version: Java(TM) SE Runtime Environment (8.0_131-b11) (build 1.8.0_131-b11)
# Java VM: Java HotSpot(TM) 64-Bit Server VM (25.131-b11 mixed mode windows-amd64 compressed oops)
# Problematic frame:
# C  [librocksdbjni2027031487798379533.dll+0x273a84]
#
# Failed to write core dump. Minidumps are not enabled by default on client versions of Windows
#
# If you would like to submit a bug report, please visit:
#   http://bugreport.java.com/bugreport/crash.jsp
# The crash happened outside the Java Virtual Machine in native code.
# See problematic frame for where to report the bug.
#

---------------  T H R E A D  ---------------

Current thread (0x00000000036b6000):  JavaThread "main" [_thread_in_native, id=3384, stack(0x0000000003430000,0x0000000003530000)]

siginfo: ExceptionCode=0xc0000005, reading address 0x0000000000000008

Registers:
RAX=0x0000000000000008, RBX=0x000000000352f560, RCX=0x000000001ae3da80, RDX=0x000000000000000d
RSP=0x000000000352f490, RBP=0x000000000352f5f8, RSI=0x000000002000b6ad, RDI=0x00000000037b80e0
R8 =0x000000001ae3d630, R9 =0x0000000003327ef0, R10=0x00000000037c7f48, R11=0x0000000053b8bd80
R12=0x0000000000000000, R13=0x0000000017e36c18, R14=0x000000000352f628, R15=0x00000000036b6000
RIP=0x00007ff8ddbc3a84, EFLAGS=0x0000000000010293

Top of Stack: (sp=0x000000000352f490)
0x000000000352f490:   000000000352f550 0000000053b3bc17
0x000000000352f4a0:   000000000352f550 00007ff8ddb1b260
0x000000000352f4b0:   000000000352f560 00007ff8ddc37b01
0x000000000352f4c0:   0000000000000000 00000000036b6000
0x000000000352f4d0:   00000000036b6000 0000000003327ef0
0x000000000352f4e0:   0000000017e36c18 000000000352f628
0x000000000352f4f0:   000000000352f560 00007ff8ddc37a73
0x000000000352f500:   000000000352f9e8 00000000036b6000
0x000000000352f510:   000000000000000e 00000000036b6000
0x000000000352f520:   00000000036b61f8 00007ff8ddb1b27b
0x000000000352f530:   0000000017e36c18 00000000036b6000
0x000000000352f540:   00000000037b80e0 00000000037c7e06
0x000000000352f550:   0000000003328a00 00000000036b6000
0x000000000352f560:   0000000017e36c18 000000002000b6ad
0x000000000352f570:   00000000037b80e0 00000000037c7f74
0x000000000352f580:   0000000017e36c18 00000000037c7ceb 

Instructions: (pc=0x00007ff8ddbc3a84)
0x00007ff8ddbc3a64:   ec 20 48 8b 49 70 48 8b da 48 8b 01 ff 50 10 c7
0x00007ff8ddbc3a74:   44 24 30 00 00 00 00 48 8d 50 05 48 3b c2 73 10
0x00007ff8ddbc3a84:   0f b6 08 84 c9 78 09 89 4c 24 30 48 ff c0 eb 11
0x00007ff8ddbc3a94:   4c 8d 44 24 30 48 8b c8 e8 ef 8c ff ff 8b 4c 24 


Register to memory mapping:

RAX=0x0000000000000008 is an unknown value
RBX=0x000000000352f560 is pointing into the stack for thread: 0x00000000036b6000
RCX=0x000000001ae3da80 is an unknown value
RDX=0x000000000000000d is an unknown value
RSP=0x000000000352f490 is pointing into the stack for thread: 0x00000000036b6000
RBP=0x000000000352f5f8 is pointing into the stack for thread: 0x00000000036b6000
RSI=0x000000002000b6ad is an unknown value
RDI=0x00000000037b80e0 is at code_begin+1664 in an Interpreter codelet
invoke return entry points  [0x00000000037b7a60, 0x00000000037b8440]  2528 bytes
R8 =0x000000001ae3d630 is an unknown value
R9 =0x0000000003327ef0 is an unknown value
R10=0x00000000037c7f48 is at code_begin+840 in an Interpreter codelet
method entry point (kind = native)  [0x00000000037c7c00, 0x00000000037c8560]  2400 bytes
R11=0x0000000053b8bd80 is an unknown value
R12=0x0000000000000000 is an unknown value
R13={method} {0x0000000017e36c20} 'value0' '(J)[B' in 'org/rocksdb/RocksIterator'
R14=0x000000000352f628 is pointing into the stack for thread: 0x00000000036b6000
R15=0x00000000036b6000 is a thread


Stack: [0x0000000003430000,0x0000000003530000],  sp=0x000000000352f490,  free space=1021k
Native frames: (J=compiled Java code, j=interpreted, Vv=VM code, C=native code)
C  [librocksdbjni2027031487798379533.dll+0x273a84]
C  [librocksdbjni2027031487798379533.dll+0x2e7b01]
C  [librocksdbjni2027031487798379533.dll+0x2e7a73]
C  [librocksdbjni2027031487798379533.dll+0x1cb27b]
C  0x00000000037c7f74

Java frames: (J=compiled Java code, j=interpreted, Vv=VM code)
j  org.rocksdb.RocksIterator.value0(J)[B+0
j  org.rocksdb.RocksIterator.value()[B+26
j  org.rocksdb.sample.ReadPairtyDB.init2()V+228
j  org.rocksdb.sample.ReadPairtyDB.main([Ljava/lang/String;)V+0
v  ~StubRoutines::call_stub

---------------  P R O C E S S  ---------------

Java Threads: ( => current thread )
  0x0000000019a69800 JavaThread "Service Thread" daemon [_thread_blocked, id=6812, stack(0x000000001a0b0000,0x000000001a1b0000)]
  0x00000000199b3800 JavaThread "C1 CompilerThread2" daemon [_thread_blocked, id=11536, stack(0x0000000019fb0000,0x000000001a0b0000)]
  0x00000000199b2000 JavaThread "C2 CompilerThread1" daemon [_thread_blocked, id=11076, stack(0x0000000019eb0000,0x0000000019fb0000)]
  0x00000000199b6800 JavaThread "C2 CompilerThread0" daemon [_thread_blocked, id=3424, stack(0x0000000019db0000,0x0000000019eb0000)]
  0x00000000199a4800 JavaThread "Monitor Ctrl-Break" daemon [_thread_in_native, id=992, stack(0x0000000019cb0000,0x0000000019db0000)]
  0x00000000196f2800 JavaThread "Attach Listener" daemon [_thread_blocked, id=9860, stack(0x0000000019bb0000,0x0000000019cb0000)]
  0x0000000018373000 JavaThread "Signal Dispatcher" daemon [_thread_blocked, id=12088, stack(0x0000000019ab0000,0x0000000019bb0000)]
  0x000000001834e800 JavaThread "Finalizer" daemon [_thread_blocked, id=11544, stack(0x00000000195b0000,0x00000000196b0000)]
  0x00000000037a6000 JavaThread "Reference Handler" daemon [_thread_blocked, id=9496, stack(0x00000000194b0000,0x00000000195b0000)]
=>0x00000000036b6000 JavaThread "main" [_thread_in_native, id=3384, stack(0x0000000003430000,0x0000000003530000)]

Other Threads:
  0x0000000018327000 VMThread [stack: 0x00000000193b0000,0x00000000194b0000] [id=11100]
  0x000000001a1f8000 WatcherThread [stack: 0x000000001a9b0000,0x000000001aab0000] [id=11000]

VM state:not at safepoint (normal execution)

VM Mutex/Monitor currently owned by a thread: None

Heap:
 PSYoungGen      total 38400K, used 7364K [0x00000000d5980000, 0x00000000d8400000, 0x0000000100000000)
  eden space 33280K, 22% used [0x00000000d5980000,0x00000000d60b12f0,0x00000000d7a00000)
  from space 5120K, 0% used [0x00000000d7f00000,0x00000000d7f00000,0x00000000d8400000)
  to   space 5120K, 0% used [0x00000000d7a00000,0x00000000d7a00000,0x00000000d7f00000)
 ParOldGen       total 87552K, used 0K [0x0000000080c00000, 0x0000000086180000, 0x00000000d5980000)
  object space 87552K, 0% used [0x0000000080c00000,0x0000000080c00000,0x0000000086180000)
 Metaspace       used 5061K, capacity 5180K, committed 5248K, reserved 1056768K
  class space    used 566K, capacity 596K, committed 640K, reserved 1048576K

Card table byte_map: [0x0000000012b70000,0x0000000012f70000] byte_map_base: 0x000000001276a000

Marking Bits: (ParMarkBitMap*) 0x000000005417c720
 Begin Bits: [0x0000000013620000, 0x00000000155f0000)
 End Bits:   [0x00000000155f0000, 0x00000000175c0000)

Polling page: 0x00000000015b0000

CodeCache: size=245760Kb used=1712Kb max_used=1722Kb free=244047Kb
 bounds [0x00000000037b0000, 0x0000000003a20000, 0x00000000127b0000]
 total_blobs=583 nmethods=258 adapters=238
 compilation: enabled

Compilation events (10 events):
Event: 0.710 Thread 0x00000000199b3800 nmethod 253 0x000000000395b390 code [0x000000000395b540, 0x000000000395bcb8]
Event: 0.710 Thread 0x00000000199b3800  254       1       sun.misc.URLClassPath$Loader::getBaseURL (5 bytes)
Event: 0.710 Thread 0x00000000199b3800 nmethod 254 0x000000000395bf50 code [0x000000000395c0a0, 0x000000000395c1b0]
Event: 0.710 Thread 0x00000000199b3800  256       1       sun.misc.URLClassPath$JarLoader::access$700 (5 bytes)
Event: 0.710 Thread 0x00000000199b3800 nmethod 256 0x000000000395c210 code [0x000000000395c360, 0x000000000395c450]
Event: 0.712 Thread 0x00000000199b3800  257       3       java.util.Vector::elementData (7 bytes)
Event: 0.712 Thread 0x00000000199b3800 nmethod 257 0x000000000395f210 code [0x000000000395f360, 0x000000000395f4d0]
Event: 0.712 Thread 0x00000000199b6800 nmethod 255 0x000000000395f5d0 code [0x000000000395f700, 0x000000000395f858]
Event: 1.059 Thread 0x00000000199b3800  258       1       java.security.ProtectionDomain::getCodeSource (5 bytes)
Event: 1.059 Thread 0x00000000199b3800 nmethod 258 0x000000000395ef50 code [0x000000000395f0a0, 0x000000000395f1b0]

GC Heap History (0 events):
No events

Deoptimization events (0 events):
No events

Internal exceptions (6 events):
Event: 0.047 Thread 0x00000000036b6000 Exception <a 'java/lang/NoSuchMethodError': Method sun.misc.Unsafe.defineClass(Ljava/lang/String;[BII)Ljava/lang/Class; name or signature does not match> (0x00000000d5987ca8) thrown at [C:\re\workspace\8-2-build-windows-amd64-cygwin\jdk8u131\8869\hotspot\
Event: 0.047 Thread 0x00000000036b6000 Exception <a 'java/lang/NoSuchMethodError': Method sun.misc.Unsafe.prefetchRead(Ljava/lang/Object;J)V name or signature does not match> (0x00000000d5987f90) thrown at [C:\re\workspace\8-2-build-windows-amd64-cygwin\jdk8u131\8869\hotspot\src\share\vm\prims
Event: 0.310 Thread 0x00000000036b6000 Exception <a 'java/security/PrivilegedActionException'> (0x00000000d5e83a00) thrown at [C:\re\workspace\8-2-build-windows-amd64-cygwin\jdk8u131\8869\hotspot\src\share\vm\prims\jvm.cpp, line 1390]
Event: 0.310 Thread 0x00000000036b6000 Exception <a 'java/security/PrivilegedActionException'> (0x00000000d5e83df8) thrown at [C:\re\workspace\8-2-build-windows-amd64-cygwin\jdk8u131\8869\hotspot\src\share\vm\prims\jvm.cpp, line 1390]
Event: 0.311 Thread 0x00000000036b6000 Exception <a 'java/security/PrivilegedActionException'> (0x00000000d5e880d8) thrown at [C:\re\workspace\8-2-build-windows-amd64-cygwin\jdk8u131\8869\hotspot\src\share\vm\prims\jvm.cpp, line 1390]
Event: 0.311 Thread 0x00000000036b6000 Exception <a 'java/security/PrivilegedActionException'> (0x00000000d5e884d0) thrown at [C:\re\workspace\8-2-build-windows-amd64-cygwin\jdk8u131\8869\hotspot\src\share\vm\prims\jvm.cpp, line 1390]

Events (10 events):
Event: 0.710 loading class org/rocksdb/DBOptions
Event: 0.710 loading class org/rocksdb/DBOptions done
Event: 1.055 loading class org/rocksdb/ColumnFamilyHandle
Event: 1.055 loading class org/rocksdb/ColumnFamilyHandle done
Event: 1.055 loading class org/rocksdb/RocksIterator
Event: 1.055 loading class org/rocksdb/RocksIterator done
Event: 1.057 loading class org/rocksdb/AbstractRocksIterator
Event: 1.057 loading class org/rocksdb/AbstractRocksIterator done
Event: 1.057 loading class org/rocksdb/RocksIteratorInterface
Event: 1.058 loading class org/rocksdb/RocksIteratorInterface done


Dynamic libraries:
0x00007ff68c960000 - 0x00007ff68c997000 	C:\Program Files\Java\jdk1.8.0_131\bin\java.exe
0x00007ff90f110000 - 0x00007ff90f2f1000 	C:\WINDOWS\SYSTEM32\ntdll.dll
0x00007ff90c970000 - 0x00007ff90ca22000 	C:\WINDOWS\System32\KERNEL32.DLL
0x00007ff90bc10000 - 0x00007ff90be83000 	C:\WINDOWS\System32\KERNELBASE.dll
0x00007ff90cc70000 - 0x00007ff90cd11000 	C:\WINDOWS\System32\ADVAPI32.dll
0x00007ff90f020000 - 0x00007ff90f0be000 	C:\WINDOWS\System32\msvcrt.dll
0x00007ff90cb20000 - 0x00007ff90cb7b000 	C:\WINDOWS\System32\sechost.dll
0x00007ff90cd20000 - 0x00007ff90ce44000 	C:\WINDOWS\System32\RPCRT4.dll
0x00007ff90c5a0000 - 0x00007ff90c730000 	C:\WINDOWS\System32\USER32.dll
0x00007ff90bbf0000 - 0x00007ff90bc10000 	C:\WINDOWS\System32\win32u.dll
0x00007ff90ec10000 - 0x00007ff90ec38000 	C:\WINDOWS\System32\GDI32.dll
0x00007ff90b690000 - 0x00007ff90b822000 	C:\WINDOWS\System32\gdi32full.dll
0x00007ff90b540000 - 0x00007ff90b5df000 	C:\WINDOWS\System32\msvcp_win.dll
0x00007ff90ba20000 - 0x00007ff90bb1a000 	C:\WINDOWS\System32\ucrtbase.dll
0x00007ff8fc420000 - 0x00007ff8fc689000 	C:\WINDOWS\WinSxS\amd64_microsoft.windows.common-controls_6595b64144ccf1df_6.0.17134.48_none_b4b2216a3cb4dd3e\COMCTL32.dll
0x00007ff90e7a0000 - 0x00007ff90eac3000 	C:\WINDOWS\System32\combase.dll
0x00007ff90bb20000 - 0x00007ff90bb9a000 	C:\WINDOWS\System32\bcryptPrimitives.dll
0x00007ff90c940000 - 0x00007ff90c96d000 	C:\WINDOWS\System32\IMM32.DLL
0x0000000054200000 - 0x00000000542d2000 	C:\Program Files\Java\jdk1.8.0_131\jre\bin\msvcr100.dll
0x0000000053960000 - 0x00000000541fc000 	C:\Program Files\Java\jdk1.8.0_131\jre\bin\server\jvm.dll
0x00007ff90e290000 - 0x00007ff90e298000 	C:\WINDOWS\System32\PSAPI.DLL
0x00007ff907880000 - 0x00007ff9078a3000 	C:\WINDOWS\SYSTEM32\WINMM.dll
0x00007ff8fdd70000 - 0x00007ff8fdd79000 	C:\WINDOWS\SYSTEM32\WSOCK32.dll
0x00007ff90cb80000 - 0x00007ff90cbec000 	C:\WINDOWS\System32\WS2_32.dll
0x00007ff907850000 - 0x00007ff90787a000 	C:\WINDOWS\SYSTEM32\WINMMBASE.dll
0x00007ff9078b0000 - 0x00007ff9078ba000 	C:\WINDOWS\SYSTEM32\VERSION.dll
0x00007ff90bba0000 - 0x00007ff90bbe9000 	C:\WINDOWS\System32\cfgmgr32.dll
0x00000000563a0000 - 0x00000000563af000 	C:\Program Files\Java\jdk1.8.0_131\jre\bin\verify.dll
0x0000000055f80000 - 0x0000000055fa9000 	C:\Program Files\Java\jdk1.8.0_131\jre\bin\java.dll
0x0000000052b50000 - 0x0000000052b73000 	C:\Program Files\Java\jdk1.8.0_131\jre\bin\instrument.dll
0x0000000055f60000 - 0x0000000055f76000 	C:\Program Files\Java\jdk1.8.0_131\jre\bin\zip.dll
0x00007ff90ce50000 - 0x00007ff90e290000 	C:\WINDOWS\System32\SHELL32.dll
0x00007ff90e6f0000 - 0x00007ff90e799000 	C:\WINDOWS\System32\shcore.dll
0x00007ff90be90000 - 0x00007ff90c59d000 	C:\WINDOWS\System32\windows.storage.dll
0x00007ff90eae0000 - 0x00007ff90eb31000 	C:\WINDOWS\System32\shlwapi.dll
0x00007ff90b470000 - 0x00007ff90b481000 	C:\WINDOWS\System32\kernel.appcore.dll
0x00007ff90b440000 - 0x00007ff90b45f000 	C:\WINDOWS\System32\profapi.dll
0x00007ff90b490000 - 0x00007ff90b4dc000 	C:\WINDOWS\System32\powrprof.dll
0x00007ff90b460000 - 0x00007ff90b46a000 	C:\WINDOWS\System32\FLTLIB.DLL
0x00007ff904890000 - 0x00007ff9048aa000 	C:\Program Files\JetBrains\IntelliJ IDEA 2018.1\bin\breakgen64.dll
0x0000000055f10000 - 0x0000000055f2a000 	C:\Program Files\Java\jdk1.8.0_131\jre\bin\net.dll
0x00007ff90aca0000 - 0x00007ff90ad06000 	C:\WINDOWS\system32\mswsock.dll
0x00007ff90ae50000 - 0x00007ff90ae67000 	C:\WINDOWS\SYSTEM32\CRYPTSP.dll
0x00007ff90a880000 - 0x00007ff90a8b3000 	C:\WINDOWS\system32\rsaenh.dll
0x00007ff90af80000 - 0x00007ff90afa5000 	C:\WINDOWS\SYSTEM32\bcrypt.dll
0x00007ff90b350000 - 0x00007ff90b378000 	C:\WINDOWS\SYSTEM32\USERENV.dll
0x00007ff90ae70000 - 0x00007ff90ae7b000 	C:\WINDOWS\SYSTEM32\CRYPTBASE.dll
0x00007ff90aa20000 - 0x00007ff90aa58000 	C:\WINDOWS\SYSTEM32\IPHLPAPI.DLL
0x00007ff90ead0000 - 0x00007ff90ead8000 	C:\WINDOWS\System32\NSI.dll
0x00007ff902c30000 - 0x00007ff902c46000 	C:\WINDOWS\SYSTEM32\dhcpcsvc6.DLL
0x00007ff902c10000 - 0x00007ff902c2a000 	C:\WINDOWS\SYSTEM32\dhcpcsvc.DLL
0x0000000055ef0000 - 0x0000000055f01000 	C:\Program Files\Java\jdk1.8.0_131\jre\bin\nio.dll
0x00007ff8dd950000 - 0x00007ff8ddebe000 	C:\Users\Administrator\AppData\Local\Temp\librocksdbjni2027031487798379533.dll
0x00007ff8f7440000 - 0x00007ff8f74ea000 	C:\WINDOWS\SYSTEM32\MSVCP140.dll
0x00007ff9046b0000 - 0x00007ff9046c6000 	C:\WINDOWS\SYSTEM32\VCRUNTIME140.dll
0x00007ff905d90000 - 0x00007ff905f59000 	C:\WINDOWS\SYSTEM32\dbghelp.dll

VM Arguments:
jvm_args: -javaagent:C:\Program Files\JetBrains\IntelliJ IDEA 2018.1\lib\idea_rt.jar=3023:C:\Program Files\JetBrains\IntelliJ IDEA 2018.1\bin -Dfile.encoding=UTF-8 
java_command: org.rocksdb.sample.ReadPairtyDB
java_class_path (initial): C:\Program Files\Java\jdk1.8.0_131\jre\lib\charsets.jar;C:\Program Files\Java\jdk1.8.0_131\jre\lib\deploy.jar;C:\Program Files\Java\jdk1.8.0_131\jre\lib\ext\access-bridge-64.jar;C:\Program Files\Java\jdk1.8.0_131\jre\lib\ext\cldrdata.jar;C:\Program Files\Java\jdk1.8.0_131\jre\lib\ext\dnsns.jar;C:\Program Files\Java\jdk1.8.0_131\jre\lib\ext\jaccess.jar;C:\Program Files\Java\jdk1.8.0_131\jre\lib\ext\jfxrt.jar;C:\Program Files\Java\jdk1.8.0_131\jre\lib\ext\localedata.jar;C:\Program Files\Java\jdk1.8.0_131\jre\lib\ext\nashorn.jar;C:\Program Files\Java\jdk1.8.0_131\jre\lib\ext\sunec.jar;C:\Program Files\Java\jdk1.8.0_131\jre\lib\ext\sunjce_provider.jar;C:\Program Files\Java\jdk1.8.0_131\jre\lib\ext\sunmscapi.jar;C:\Program Files\Java\jdk1.8.0_131\jre\lib\ext\sunpkcs11.jar;C:\Program Files\Java\jdk1.8.0_131\jre\lib\ext\zipfs.jar;C:\Program Files\Java\jdk1.8.0_131\jre\lib\javaws.jar;C:\Program Files\Java\jdk1.8.0_131\jre\lib\jce.jar;C:\Program Files\Java\jdk1.8.0_131\jre\lib\jfr.jar;C:\Program Files\Java\jdk1.8.0_131\jre\lib\jfxswt.jar;C:\Program Files\Java\jdk1.8.0_131\jre\lib\jsse.jar;C:\Program Files\Java\jdk1.8.0_131\jre\lib\management-agent.jar;C:\Program Files\Java\jdk1.8.0_131\jre\lib\plugin.jar;C:\Program Files\Java\jdk1.8.0_131\jre\lib\resources.jar;C:\Program Files\Java\jdk1.8.0_131\jre\lib\rt.jar;C:\Users\Administrator\git\rocksdb-demo\rocks-java\rocksjava-demo\target\test-classes;C:\Users\Administrator\git\rocksdb-demo\rocks-java\rocksjava-demo\target\classes;C:\Users\Administrator\.m2\repository\org\springframework\boot\spring-boot-starter-web\2.0.2.RELEASE\spring-boot-starter-web-2.0.2.RELEASE.jar;C:\Users\Administrator\.m2\repository\org\springframework\boot\spring-boot-starter\2.0.2.RELEASE\spring-boot-starter-2.0.2.RELEASE.jar;C:\Users\Administrator\.m2\repository\org\springframework\boot\spring-boot-starter-logging\2.0.2.RELEASE\spring-boot-starter-logging-2.0.2.RELEASE.jar;C:\Users\Administrator\.m2\repository\ch\qos\logback\
Launcher Type: SUN_STANDARD

Environment Variables:
JAVA_HOME=C:\Program Files\Java\jdk1.8.0_131
PATH=C:\oraclexe\app\oracle\product\11.2.0\server\bin;C:\ProgramData\Oracle\Java\javapath;C:\Windows\system32;C:\Windows;C:\Windows\System32\Wbem;C:\Windows\System32\WindowsPowerShell\v1.0\;C:\Program Files (x86)\Microsoft SQL Server\100\Tools\Binn\;C:\Program Files\Microsoft SQL Server\100\Tools\Binn\;C:\Program Files\Microsoft SQL Server\100\DTS\Binn\;C:\Program Files (x86)\Microsoft SQL Server\100\Tools\Binn\VSShell\Common7\IDE\;C:\Program Files (x86)\Microsoft SQL Server\100\DTS\Binn\;C:\Program Files\Git\cmd;C:\apache-maven-3.5.0\bin;C:\Program Files\Java\jdk1.8.0_131\bin;C:\Program Files (x86)\AMD\ATI.ACE\Core-Static;C:\PostgreSQL\pg95\bin;C:\WINDOWS\system32;C:\WINDOWS;C:\WINDOWS\System32\Wbem;C:\WINDOWS\System32\WindowsPowerShell\v1.0\;C:\Program Files\nodejs\;C:\Program Files (x86)\Yarn\bin;C:\Program Files\Redis\;C:\apache-ant-1.10.1\bin;C:\spring-1.5.9.RELEASE\bin;C:\Users\Administrator\AppData\Roaming\Microsoft\Windows\Start Menu\Programs\Python 3.5;C:\Program Files (x86)\Geth;C:\WINDOWS\System32\OpenSSH\;C:\Users\Administrator\AppData\Local\Programs\Python\Python35\Scripts\;C:\Users\Administrator\AppData\Local\Programs\Python\Python35\;C:\Users\Administrator\AppData\Local\Microsoft\WindowsApps;C:\Users\Administrator\AppData\Local\atom\bin;C:\Users\Administrator\AppData\Local\Microsoft\WindowsApps;C:\Users\Administrator\AppData\Roaming\npm;C:\Users\Administrator\AppData\Local\Yarn\bin;C:\Program Files\Bandizip\;
USERNAME=Administrator
OS=Windows_NT
PROCESSOR_IDENTIFIER=Intel64 Family 6 Model 94 Stepping 3, GenuineIntel



---------------  S Y S T E M  ---------------

OS: Windows 10.0 , 64 bit Build 17134 (10.0.17134.1)

CPU:total 4 (initial active 4) (4 cores per cpu, 1 threads per core) family 6 model 94 stepping 3, cmov, cx8, fxsr, mmx, sse, sse2, sse3, ssse3, sse4.1, sse4.2, popcnt, avx, avx2, aes, clmul, erms, 3dnowpref, lzcnt, tsc, tscinvbit, bmi1, bmi2, adx

Memory: 4k page, physical 8338932k(1238696k free), swap 13956836k(2337432k free)

vm_info: Java HotSpot(TM) 64-Bit Server VM (25.131-b11) for windows-amd64 JRE (1.8.0_131-b11), built on Mar 15 2017 01:23:53 by "java_re" with MS VC++ 10.0 (VS2010)

time: Sun May 13 22:53:40 2018
elapsed time: 1 seconds (0d 0h 0m 1s)

